<?xml version="1.0" encoding="UTF-8"?>
<!-- Generated by org.testng.reporters.JUnitReportReporter -->
<testsuite hostname="DESKTOP-FQS4FE5" failures="0" tests="1" name="Facebook.Register" time="38.515" errors="0" timestamp="2022-10-14T02:14:58 EET" skipped="0">
  <testcase classname="Facebook.Register" name="RegisterWithValidData" time="38.515"/>
  <system-out/>
</testsuite> <!-- Facebook.Register -->
