<?xml version="1.0" encoding="UTF-8"?>
<!-- Generated by org.testng.reporters.JUnitReportReporter -->
<testsuite hostname="DESKTOP-FQS4FE5" failures="0" tests="1" name="Facebook.Login" time="36.051" errors="0" timestamp="2022-10-14T02:15:47 EET" skipped="0">
  <testcase classname="Facebook.Login" name="loginWithValidData" time="36.051"/>
  <system-out/>
</testsuite> <!-- Facebook.Login -->
